<?xml version="1.0" encoding="UTF-8"?>
<testsuite name="com.bridgelabz.moodanalyzertest.MoodAnalyzerTest" tests="2" skipped="0" failures="0" errors="0" timestamp="2021-03-24T09:40:42" hostname="DESKTOP-2DC5FKU" time="0.027">
  <properties/>
  <testcase name="givenMessage_whenSad_ShouldReturnSad()" classname="com.bridgelabz.moodanalyzertest.MoodAnalyzerTest" time="0.025"/>
  <testcase name="givenMessage_whenNotSad_ShouldReturnHappy()" classname="com.bridgelabz.moodanalyzertest.MoodAnalyzerTest" time="0.001"/>
  <system-out><![CDATA[]]></system-out>
  <system-err><![CDATA[]]></system-err>
</testsuite>
